<?xml version="1.0" encoding="UTF-8"?>
<!-- Generated by org.testng.reporters.JUnitReportReporter -->
<testsuite hostname="venkats-MBP" failures="0" tests="1" name="sample.sample" time="0.012" errors="0" timestamp="2023-08-04T10:27:35 EDT" skipped="0">
  <testcase classname="sample.sample" name="sample" time="0.012"/>
  <system-out/>
</testsuite> <!-- sample.sample -->
