<?xml version="1.0" encoding="UTF-8"?>
<!-- Generated by org.testng.reporters.JUnitReportReporter -->
<testsuite hostname="venkats-MBP" failures="0" tests="1" name="sample.demo" time="0.010" errors="0" timestamp="2023-08-04T10:26:58 EDT" skipped="0">
  <testcase classname="sample.demo" name="demo" time="0.010"/>
  <system-out/>
</testsuite> <!-- sample.demo -->
